<?xml version="1.0" encoding="UTF-8"?>
<testsuite name="com.example.pay.util.FormattersTest" tests="2" skipped="0" failures="0" errors="0" timestamp="2026-03-03T04:53:19" hostname="Yterayuts-MacBook-Air.local" time="0.001">
  <properties/>
  <testcase name="displayToIsoDate converts slash format" classname="com.example.pay.util.FormattersTest" time="0.0"/>
  <testcase name="isoToDisplayDate converts iso format" classname="com.example.pay.util.FormattersTest" time="0.001"/>
  <system-out><![CDATA[]]></system-out>
  <system-err><![CDATA[]]></system-err>
</testsuite>
