<?xml version="1.0" encoding="UTF-8"?>
<testsuite name="com.example.pay.domain.FinanceAnalyticsTest" tests="2" skipped="0" failures="0" errors="0" timestamp="2026-03-03T04:53:19" hostname="Yterayuts-MacBook-Air.local" time="0.084">
  <properties/>
  <testcase name="sortTransactions orders by amount descending for HIGHEST" classname="com.example.pay.domain.FinanceAnalyticsTest" time="0.031"/>
  <testcase name="buildDashboard calculates totals and insights" classname="com.example.pay.domain.FinanceAnalyticsTest" time="0.051"/>
  <system-out><![CDATA[]]></system-out>
  <system-err><![CDATA[]]></system-err>
</testsuite>
